{
  "RSpec": {
    "coverage": {
      "/Users/pippo/turing/2module/challenges/b2-mid-mod/config/environment.rb": {
        "lines": [
          null,
          1,
          null,
          null,
          1
        ]
      },
      "/Users/pippo/turing/2module/challenges/b2-mid-mod/config/application.rb": {
        "lines": [
          1,
          null,
          1,
          null,
          1,
          1,
          1,
          1,
          1,
          1,
          1,
          1,
          null,
          null,
          null,
          null,
          1,
          null,
          1,
          1,
          null,
          1,
          null,
          null,
          null,
          null,
          null,
          null,
          1,
          null,
          null
        ]
      },
      "/Users/pippo/turing/2module/challenges/b2-mid-mod/config/boot.rb": {
        "lines": [
          1,
          null,
          1
        ]
      },
      "/Users/pippo/turing/2module/challenges/b2-mid-mod/config/environments/test.rb": {
        "lines": [
          1,
          null,
          null,
          null,
          null,
          null,
          null,
          1,
          null,
          null,
          null,
          null,
          1,
          null,
          null,
          1,
          1,
          null,
          null,
          null,
          null,
          1,
          1,
          null,
          null,
          1,
          null,
          null,
          1,
          1,
          null,
          null,
          null,
          null,
          1,
          null,
          null,
          1,
          null,
          null,
          null,
          null
        ]
      },
      "/Users/pippo/turing/2module/challenges/b2-mid-mod/config/initializers/application_controller_renderer.rb": {
        "lines": [
          null,
          null,
          null,
          null,
          null,
          null,
          null,
          null
        ]
      },
      "/Users/pippo/turing/2module/challenges/b2-mid-mod/config/initializers/assets.rb": {
        "lines": [
          null,
          null,
          null,
          1,
          null,
          null,
          null,
          null,
          1,
          null,
          null,
          null,
          null,
          null
        ]
      },
      "/Users/pippo/turing/2module/challenges/b2-mid-mod/config/initializers/backtrace_silencers.rb": {
        "lines": [
          null,
          null,
          null,
          null,
          null,
          null,
          null
        ]
      },
      "/Users/pippo/turing/2module/challenges/b2-mid-mod/config/initializers/cookies_serializer.rb": {
        "lines": [
          null,
          null,
          null,
          null,
          1
        ]
      },
      "/Users/pippo/turing/2module/challenges/b2-mid-mod/config/initializers/filter_parameter_logging.rb": {
        "lines": [
          null,
          null,
          null,
          1
        ]
      },
      "/Users/pippo/turing/2module/challenges/b2-mid-mod/config/initializers/inflections.rb": {
        "lines": [
          null,
          null,
          null,
          null,
          null,
          null,
          null,
          null,
          null,
          null,
          null,
          null,
          null,
          null,
          null,
          null
        ]
      },
      "/Users/pippo/turing/2module/challenges/b2-mid-mod/config/initializers/mime_types.rb": {
        "lines": [
          null,
          null,
          null,
          null
        ]
      },
      "/Users/pippo/turing/2module/challenges/b2-mid-mod/config/initializers/wrap_parameters.rb": {
        "lines": [
          null,
          null,
          null,
          null,
          null,
          null,
          1,
          2,
          null,
          null,
          null,
          null,
          null,
          null
        ]
      },
      "/Users/pippo/turing/2module/challenges/b2-mid-mod/config/routes.rb": {
        "lines": [
          1,
          null,
          null,
          1,
          null,
          null,
          1,
          null,
          null
        ]
      },
      "/Users/pippo/turing/2module/challenges/b2-mid-mod/app/helpers/application_helper.rb": {
        "lines": [
          1,
          null
        ]
      },
      "/Users/pippo/turing/2module/challenges/b2-mid-mod/spec/features/parks/show_spec.rb": {
        "lines": [
          null,
          1,
          null,
          1,
          1,
          3,
          null,
          3,
          null,
          3,
          null,
          null,
          3,
          null,
          null,
          3,
          null,
          null,
          null,
          1,
          1,
          1,
          null,
          1,
          1,
          null,
          null,
          1,
          1,
          null,
          1,
          1,
          1,
          1,
          null,
          null,
          null,
          1,
          1,
          null,
          1,
          null,
          null
        ]
      },
      "/Users/pippo/turing/2module/challenges/b2-mid-mod/app/models/mechanic.rb": {
        "lines": [
          1,
          null,
          1,
          1,
          null,
          null
        ]
      },
      "/Users/pippo/turing/2module/challenges/b2-mid-mod/app/models/application_record.rb": {
        "lines": [
          1,
          1,
          null
        ]
      },
      "/Users/pippo/turing/2module/challenges/b2-mid-mod/app/controllers/mechanics_controller.rb": {
        "lines": [
          1,
          null,
          1,
          2,
          null,
          null,
          null
        ]
      },
      "/Users/pippo/turing/2module/challenges/b2-mid-mod/app/controllers/application_controller.rb": {
        "lines": [
          1,
          1,
          null
        ]
      },
      "/Users/pippo/turing/2module/challenges/b2-mid-mod/app/models/park.rb": {
        "lines": [
          1,
          null,
          1,
          1,
          null,
          1,
          null,
          1,
          3,
          null,
          null,
          null
        ]
      },
      "/Users/pippo/turing/2module/challenges/b2-mid-mod/app/models/ride.rb": {
        "lines": [
          1,
          null,
          1,
          1,
          null,
          1,
          null,
          22,
          null,
          null
        ]
      },
      "/Users/pippo/turing/2module/challenges/b2-mid-mod/app/controllers/parks_controller.rb": {
        "lines": [
          1,
          null,
          1,
          3,
          null,
          null,
          null
        ]
      }
    },
    "timestamp": 1585931549
  }
}
